2025-11-10T23:18:16Z — Quick optimization pass
2025-11-10T23:18:16Z — Refreshing repo data
2025-11-10T23:18:16Z — Routine background task
2025-11-11T02:44:17Z — System pulse: alive
2025-11-11T03:41:57Z — Minor housekeeping
2025-11-11T04:17:12Z — Auto-update content
2025-11-11T05:13:26Z — Auto-update content
2025-11-11T05:13:26Z — Refreshing repo data
2025-11-11T06:19:52Z — Smoothing daily edges
2025-11-11T06:19:52Z — Polishing minor details
2025-11-11T06:19:52Z — Minor maintenance tweak
2025-11-11T11:11:18Z — Routine background task
2025-11-11T11:11:18Z — Routine check-up
2025-11-11T12:24:33Z — Minor housekeeping
2025-11-11T13:25:46Z — Refreshed logs and data
2025-11-11T13:25:46Z — Lightweight repo refresh
2025-11-11T13:25:46Z — Lightweight repo refresh
2025-11-11T15:13:30Z — Routine check-up
2025-11-11T15:13:30Z — System pulse: alive
2025-11-11T16:15:37Z — Maintenance checkpoint
2025-11-11T16:15:37Z — Daily heartbeat update
2025-11-11T17:11:35Z — Routine system sync
2025-11-11T17:11:35Z — Refreshed logs and data
2025-11-11T18:17:57Z — Auto-update content
2025-11-11T18:17:57Z — Minor maintenance tweak
2025-11-11T18:17:57Z — Lightweight repo refresh
2025-11-11T19:10:12Z — Daily heartbeat update
2025-11-11T19:10:12Z — Keeping it consistent
